<testsuite failures="1" name="src/test/java/FeatureFiles/PutTesting.feature" skipped="0" tests="1" time="1.023198">
  <testcase classname="src.test.java.FeatureFiles.PutTesting" name="Verify that api is able to PUT(update) request successfully" time="1.023198">
    <failure message="PutTesting.feature:19 - assert evaluated to false: response.id == 1">* url 'https://jsonplaceholder.typicode.com/' ............................. passed
* def requestBody = read('RequestJson/request1.json') ..................... passed
Given path 'posts/2' ...................................................... passed
And print url ............................................................. passed
And request requestBody ................................................... passed
And set requestBody.title = 'SoEnergyTitle' ............................... passed
And set requestBody.body = 'SoEnergyBody' ................................. passed
And set requestBody.userId = 2 ............................................ passed
When method PUT ........................................................... passed
Then status 200 ........................................................... passed
And match response.title == 'SoEnergyTitle' ............................... passed
And match response.body == 'SoEnergyBody' ................................. passed
And match response.userId == 2 ............................................ passed
And assert response.id == 1 ............................................... failed

Stack Trace:
com.intuit.karate.exception.KarateException: PutTesting.feature:19 - assert evaluated to false: response.id == 1
	at âœ½.And assert response.id == 1 (PutTesting.feature:19)</failure>
  </testcase>
</testsuite>
